<?xml version='1.0' encoding='UTF-8'?>
<testsuite hostname="kturgut-mbp-1" name="com.conviva.id.assignment.HouseholdAssignmentAggregatorSpec" tests="18" errors="0" failures="0" skipped="0" time="24.757" timestamp="2021-07-14T15:18:35">
          <properties>
[...]
</properties>
          <testcase classname="com.conviva.id.assignment.HouseholdAssignmentAggregatorSpec" name="HouseholdAssignmentAggregator processing SINGLE Household data daily=&gt;monthly when input Assignment table is empty should handle it gracefully and cause no exception" time="5.412">
                      
                    </testcase><testcase classname="com.conviva.id.assignment.HouseholdAssignmentAggregatorSpec" name="HouseholdAssignmentAggregator processing SINGLE Household data daily=&gt;monthly when sessions of the SAME IP with time spans that may or may not be overlapping should reduce all sessions to a single row when start times are the same" time="1.982">
                      
                    </testcase><testcase classname="com.conviva.id.assignment.HouseholdAssignmentAggregatorSpec" name="HouseholdAssignmentAggregator processing SINGLE Household data daily=&gt;monthly when sessions of the SAME IP with time spans that may or may not be overlapping should reduce all sessions to a single row when end times are the same" time="1.489">
                      
                    </testcase><testcase classname="com.conviva.id.assignment.HouseholdAssignmentAggregatorSpec" name="HouseholdAssignmentAggregator processing SINGLE Household data daily=&gt;monthly when sessions of the SAME IP with time spans that may or may not be overlapping should reduce all sessions to a single row even when session are zero length" time="1.357">
                      
                    </testcase><testcase classname="com.conviva.id.assignment.HouseholdAssignmentAggregatorSpec" name="HouseholdAssignmentAggregator processing SINGLE Household data daily=&gt;monthly when sessions of the SAME IP with time spans that may or may not be overlapping should reduce all session to a single row same clientId" time="1.165">
                      
                    </testcase><testcase classname="com.conviva.id.assignment.HouseholdAssignmentAggregatorSpec" name="HouseholdAssignmentAggregator processing SINGLE Household data daily=&gt;monthly when sessions of the SAME IP with time spans that may or may not be overlapping should reduce all unique clientIds into single row aggregating clientIds" time="1.059">
                      
                    </testcase><testcase classname="com.conviva.id.assignment.HouseholdAssignmentAggregatorSpec" name="HouseholdAssignmentAggregator processing SINGLE Household data daily=&gt;monthly when sessions of the MULTIPLE IPs with time spans that may or may not be overlapping should maintain sort order based on startTime" time="1.589">
                      
                    </testcase><testcase classname="com.conviva.id.assignment.HouseholdAssignmentAggregatorSpec" name="HouseholdAssignmentAggregator processing SINGLE Household data daily=&gt;monthly when sessions of the MULTIPLE IPs with time spans that may or may not be overlapping should merge non-overlapping clientIds of adjacent sets if the have the same IP, at the end of sort order" time="1.204">
                      
                    </testcase><testcase classname="com.conviva.id.assignment.HouseholdAssignmentAggregatorSpec" name="HouseholdAssignmentAggregator processing SINGLE Household data daily=&gt;monthly when sessions of the MULTIPLE IPs with time spans that may or may not be overlapping should merge non-overlapping clientIds of adjacent sets if the have the same IP unless there are no other ips in middle" time="0.948">
                      
                    </testcase><testcase classname="com.conviva.id.assignment.HouseholdAssignmentAggregatorSpec" name="HouseholdAssignmentAggregator processing SINGLE Household data daily=&gt;monthly when sessions of the MULTIPLE IPs with time spans that may or may not be overlapping should merge non-overlapping clientIds of adjacent sets with same IP, based on sort order - case 1" time="1.036">
                      
                    </testcase><testcase classname="com.conviva.id.assignment.HouseholdAssignmentAggregatorSpec" name="HouseholdAssignmentAggregator processing SINGLE Household data daily=&gt;monthly when sessions of the MULTIPLE IPs with time spans that may or may not be overlapping should merge non-overlapping clientIds of adjacent sets with same IP, based on sort order - case 2" time="0.953">
                      
                    </testcase><testcase classname="com.conviva.id.assignment.HouseholdAssignmentAggregatorSpec" name="HouseholdAssignmentAggregator processing SINGLE Household data daily=&gt;monthly when sessions of the MULTIPLE IPs with time spans that may or may not be overlapping should merge non-overlapping clientIds of adjacent sets with same IP, based on sort order - case 3" time="0.917">
                      
                    </testcase><testcase classname="com.conviva.id.assignment.HouseholdAssignmentAggregatorSpec" name="HouseholdAssignmentAggregator processing SINGLE Household data daily=&gt;monthly when sessions of the MULTIPLE IPs with time spans that may or may not be overlapping should merge non-overlapping clientIds of adjacent sets with same IP, based on sort order - case 4" time="0.869">
                      
                    </testcase><testcase classname="com.conviva.id.assignment.HouseholdAssignmentAggregatorSpec" name="HouseholdAssignmentAggregator processing SINGLE Household data daily=&gt;monthly when sessions of the MULTIPLE IPs with time spans that may or may not be overlapping should merge non-overlapping clientIds of adjacent sets if they have the same ip" time="0.945">
                      
                    </testcase><testcase classname="com.conviva.id.assignment.HouseholdAssignmentAggregatorSpec" name="HouseholdAssignmentAggregator exporting Households with empty client id when Input data has household ip entries with no client id should filter those from the output" time="0.854">
                      
                    </testcase><testcase classname="com.conviva.id.assignment.HouseholdAssignmentAggregatorSpec" name="HouseholdAssignmentAggregator exporting Households with empty client id when Input data has household ip entries all of which have no client id should filter those from the output" time="1.013">
                      
                    </testcase><testcase classname="com.conviva.id.assignment.HouseholdAssignmentAggregatorSpec" name="HouseholdAssignmentAggregator processing MULTIPLE Households data daily=&gt;monthly when sessions are interleaving within same or different IPs should merge non-overlapping clientIds when adjacent sets ordered by start time have the same IP" time="1.053">
                      
                    </testcase><testcase classname="com.conviva.id.assignment.HouseholdAssignmentAggregatorSpec" name="HouseholdAssignmentAggregator processing hourly=&gt;monthly, skipping daily grain when aggregate properly skipping summarization to daily as intermediate step" time="0.912">
                      
                    </testcase>
          <system-out><![CDATA[]]></system-out>
          <system-err><![CDATA[]]></system-err>
        </testsuite>