<?xml version='1.0' encoding='UTF-8'?>
<testsuite hostname="kturgut-mbp-1" name="com.conviva.id.assignment.OverlappingClientsForHouseholdIpSpec" tests="14" errors="0" failures="0" skipped="0" time="0.011" timestamp="2021-07-14T15:18:40">
          <properties>
[...]
</properties>
          <testcase classname="com.conviva.id.assignment.OverlappingClientsForHouseholdIpSpec" name="OverlappingClientIds should support be comparable by timeStamp" time="0.001">
                      
                    </testcase><testcase classname="com.conviva.id.assignment.OverlappingClientsForHouseholdIpSpec" name="OverlappingClientIds should support be comparable by clientId if clientIds are the same" time="0.0">
                      
                    </testcase><testcase classname="com.conviva.id.assignment.OverlappingClientsForHouseholdIpSpec" name="OverlappingClientIds should support be sorted by timeSpan.start" time="0.001">
                      
                    </testcase><testcase classname="com.conviva.id.assignment.OverlappingClientsForHouseholdIpSpec" name="OverlappingClientIds should support be sortable even with same timeSpan" time="0.001">
                      
                    </testcase><testcase classname="com.conviva.id.assignment.OverlappingClientsForHouseholdIpSpec" name="OverlappingClientIds should support merging other overlapping client ids" time="0.0">
                      
                    </testcase><testcase classname="com.conviva.id.assignment.OverlappingClientsForHouseholdIpSpec" name="OverlappingClientIds should raise exception if merged with non-overlapping timeSpan" time="0.001">
                      
                    </testcase><testcase classname="com.conviva.id.assignment.OverlappingClientsForHouseholdIpSpec" name="OverlappingClientIds should support merging an instance of OverlappingClientIds to an empty set" time="0.002">
                      
                    </testcase><testcase classname="com.conviva.id.assignment.OverlappingClientsForHouseholdIpSpec" name="OverlappingClientIds should support merging an instance of OverlappingClientIds to a set with no overlap" time="0.0">
                      
                    </testcase><testcase classname="com.conviva.id.assignment.OverlappingClientsForHouseholdIpSpec" name="OverlappingClientIds should support merging an instance of OverlappingClientIds to a set with overlap" time="0.001">
                      
                    </testcase><testcase classname="com.conviva.id.assignment.OverlappingClientsForHouseholdIpSpec" name="OverlappingClientIds should support merging sets of OverlappingClientIds same size both overlap" time="0.001">
                      
                    </testcase><testcase classname="com.conviva.id.assignment.OverlappingClientsForHouseholdIpSpec" name="OverlappingClientIds should support merging sets of OverlappingClientIds same size sets one overlap" time="0.001">
                      
                    </testcase><testcase classname="com.conviva.id.assignment.OverlappingClientsForHouseholdIpSpec" name="OverlappingClientIds should support merge small size set into larger size set and not merge potentially overlapping sessions within each set" time="0.001">
                      
                    </testcase><testcase classname="com.conviva.id.assignment.OverlappingClientsForHouseholdIpSpec" name="OverlappingClientIds should not merge adjacent sets of (ip, seq(OverlappingClientIds)) pairs if they don't share the same ip when computing clientIdsForCommonIp" time="0.001">
                      
                    </testcase><testcase classname="com.conviva.id.assignment.OverlappingClientsForHouseholdIpSpec" name="OverlappingClientIds should merge adjacent sets of (ip, seq(OverlappingClientIds)) pairs if they share the same ip when computing clientIdsForCommonIp" time="0.0">
                      
                    </testcase>
          <system-out><![CDATA[]]></system-out>
          <system-err><![CDATA[]]></system-err>
        </testsuite>