<?xml version='1.0' encoding='UTF-8'?>
<testsuite hostname="kturgut-mbp-1" name="com.conviva.id.assignment.ClientsForCommonIpSpec" tests="11" errors="0" failures="0" skipped="0" time="0.085" timestamp="2021-07-14T15:17:59">
          <properties>
[...]
</properties>
          <testcase classname="com.conviva.id.assignment.ClientsForCommonIpSpec" name="ClientIdsForCommonIp should be able to create ClientIdsForCommonIp and merge another OverlappingClientIds onto it" time="0.063">
                      
                    </testcase><testcase classname="com.conviva.id.assignment.ClientsForCommonIpSpec" name="ClientIdsForCommonIp should be able to merge with others of same IP" time="0.0">
                      
                    </testcase><testcase classname="com.conviva.id.assignment.ClientsForCommonIpSpec" name="ClientIdsForCommonIp should raise exception if merged with another of different IP" time="0.001">
                      
                    </testcase><testcase classname="com.conviva.id.assignment.ClientsForCommonIpSpec" name="ClientIdsForCommonIp should calculate if clientIds are all empty or not" time="0.003">
                      
                    </testcase><testcase classname="com.conviva.id.assignment.ClientsForCommonIpSpec" name="ClientIdsForCommonIp should reduce a list if it contains emptyOnly clientIds and others are not emptyOnly if same ip" time="0.013">
                      
                    </testcase><testcase classname="com.conviva.id.assignment.ClientsForCommonIpSpec" name="ClientIdsForCommonIp should reduce a list if it contains emptyOnly clientIds and others are not emptyOnly within group of same ip" time="0.001">
                      
                    </testcase><testcase classname="com.conviva.id.assignment.ClientsForCommonIpSpec" name="ClientIdsForCommonIp should not reduce a list if it contains emptyOnly clientIds and others are not emptyOnly if not same ip" time="0.001">
                      
                    </testcase><testcase classname="com.conviva.id.assignment.ClientsForCommonIpSpec" name="ClientIdsForCommonIp should preserve even empty clientIds when reducing list" time="0.001">
                      
                    </testcase><testcase classname="com.conviva.id.assignment.ClientsForCommonIpSpec" name="ClientIdsForCommonIp should not reduce a list if it does not contains emptyOnly clientIds" time="0.001">
                      
                    </testcase><testcase classname="com.conviva.id.assignment.ClientsForCommonIpSpec" name="ClientIdsForCommonIp should not reduce a list if it only contains single entry that is emptyOnly" time="0.001">
                      
                    </testcase><testcase classname="com.conviva.id.assignment.ClientsForCommonIpSpec" name="ClientIdsForCommonIp should gracefully reduce an empty list" time="0.0">
                      
                    </testcase>
          <system-out><![CDATA[]]></system-out>
          <system-err><![CDATA[]]></system-err>
        </testsuite>