<?xml version='1.0' encoding='UTF-8'?>
<testsuite hostname="kturgut-mbp-1" name="com.conviva.id.config.AssignmentAggregatorConfigSpec" tests="12" errors="0" failures="2" skipped="0" time="11.683" timestamp="2021-07-14T15:18:11">
          <properties>
[...]
</properties>
          <testcase classname="com.conviva.id.config.AssignmentAggregatorConfigSpec" name="HHAssignmentAggregatorConfig when initialized with valid config it should be able to parse it" time="0.095">
                      
                    </testcase><testcase classname="com.conviva.id.config.AssignmentAggregatorConfigSpec" name="HHAssignmentAggregatorConfig when initialized with a valid config where customer-ids and date intervals are at conviva-id level" time="0.007">
                      
                    </testcase><testcase classname="com.conviva.id.config.AssignmentAggregatorConfigSpec" name="HHAssignmentAggregatorConfig when inherit certain settings from defaults.conf" time="0.006">
                      
                    </testcase><testcase classname="com.conviva.id.config.AssignmentAggregatorConfigSpec" name="HHAssignmentAggregatorConfig when passed same grain 'Daily' for input and output should raise exception" time="0.006">
                      
                    </testcase><testcase classname="com.conviva.id.config.AssignmentAggregatorConfigSpec" name="HHAssignmentAggregatorConfig when passed same grain 'Monthly' for input and output should raise exception" time="0.005">
                      
                    </testcase><testcase classname="com.conviva.id.config.AssignmentAggregatorConfigSpec" name="HHAssignmentAggregatorConfig when passed same grain from course grain to fine grain should raise exception" time="0.004">
                      
                    </testcase><testcase classname="com.conviva.id.config.AssignmentAggregatorConfigSpec" name="HHAssignmentAggregatorConfig when from datetime is later than to datetime should raise exception" time="0.009">
                      
                    </testcase><testcase classname="com.conviva.id.config.AssignmentAggregatorConfigSpec" name="HHAssignmentAggregatorConfig when passed no customerId should raise exception exit" time="0.003">
                      
                    </testcase><testcase classname="com.conviva.id.config.AssignmentAggregatorConfigSpec" name="HHAssignmentAggregatorConfig when passed empty customerId should raise exception exit" time="0.003">
                      
                    </testcase><testcase classname="com.conviva.id.config.AssignmentAggregatorConfigSpec" name="HHAssignmentAggregatorConfig when calculating output location should calculate standard output location correctly if no custom job name is passed" time="0.026">
                      <failure message="org.scalatest.exceptions.TestFailedException: &quot;CID_HOME/assignment[s]/HouseholdByIpClient...&quot; did not equal &quot;CID_HOME/assignment[Summary]/HouseholdByIpClient...&quot;" type="sbt.ForkMain$ForkError">sbt.ForkMain$ForkError: org.scalatest.exceptions.TestFailedException: &quot;CID_HOME/assignment[s]/HouseholdByIpClient...&quot; did not equal &quot;CID_HOME/assignment[Summary]/HouseholdByIpClient...&quot;
	at org.scalatest.Assertions$class.newAssertionFailedException(Assertions.scala:472)
	at org.scalatest.Assertions$.newAssertionFailedException(Assertions.scala:1231)
	at org.scalatest.Assertions$AssertionsHelper.macroAssert(Assertions.scala:1295)
	at com.conviva.id.config.AssignmentAggregatorConfigSpec$$anonfun$1$$anonfun$apply$mcV$sp$7$$anonfun$apply$mcV$sp$18.apply(AssignmentAggregatorConfigSpec.scala:211)
	at com.conviva.id.config.AssignmentAggregatorConfigSpec$$anonfun$1$$anonfun$apply$mcV$sp$7$$anonfun$apply$mcV$sp$18.apply(AssignmentAggregatorConfigSpec.scala:202)
	at org.scalatest.OutcomeOf$class.outcomeOf(OutcomeOf.scala:85)
	at org.scalatest.OutcomeOf$.outcomeOf(OutcomeOf.scala:104)
	at org.scalatest.Transformer.apply(Transformer.scala:22)
	at org.scalatest.Transformer.apply(Transformer.scala:20)
	at org.scalatest.wordspec.AnyWordSpecLike$$anon$1.apply(AnyWordSpecLike.scala:1227)
	at org.scalatest.TestSuite$class.withFixture(TestSuite.scala:196)
	at com.conviva.id.assignment.BaseSpec.withFixture(HouseholdSpecHelper.scala:128)
	at org.scalatest.wordspec.AnyWordSpecLike$class.invokeWithFixture$1(AnyWordSpecLike.scala:1224)
	at org.scalatest.wordspec.AnyWordSpecLike$$anonfun$runTest$1.apply(AnyWordSpecLike.scala:1237)
	at org.scalatest.wordspec.AnyWordSpecLike$$anonfun$runTest$1.apply(AnyWordSpecLike.scala:1237)
	at org.scalatest.SuperEngine.runTestImpl(Engine.scala:306)
	at org.scalatest.wordspec.AnyWordSpecLike$class.runTest(AnyWordSpecLike.scala:1237)
	at com.conviva.id.assignment.BaseSpec.runTest(HouseholdSpecHelper.scala:128)
	at org.scalatest.wordspec.AnyWordSpecLike$$anonfun$runTests$1.apply(AnyWordSpecLike.scala:1296)
	at org.scalatest.wordspec.AnyWordSpecLike$$anonfun$runTests$1.apply(AnyWordSpecLike.scala:1296)
	at org.scalatest.SuperEngine$$anonfun$traverseSubNodes$1$1.apply(Engine.scala:413)
	at org.scalatest.SuperEngine$$anonfun$traverseSubNodes$1$1.apply(Engine.scala:401)
	at scala.collection.immutable.List.foreach(List.scala:392)
	at org.scalatest.SuperEngine.traverseSubNodes$1(Engine.scala:401)
	at org.scalatest.SuperEngine.org$scalatest$SuperEngine$$runTestsInBranch(Engine.scala:390)
	at org.scalatest.SuperEngine$$anonfun$traverseSubNodes$1$1.apply(Engine.scala:427)
	at org.scalatest.SuperEngine$$anonfun$traverseSubNodes$1$1.apply(Engine.scala:401)
	at scala.collection.immutable.List.foreach(List.scala:392)
	at org.scalatest.SuperEngine.traverseSubNodes$1(Engine.scala:401)
	at org.scalatest.SuperEngine.org$scalatest$SuperEngine$$runTestsInBranch(Engine.scala:390)
	at org.scalatest.SuperEngine$$anonfun$traverseSubNodes$1$1.apply(Engine.scala:427)
	at org.scalatest.SuperEngine$$anonfun$traverseSubNodes$1$1.apply(Engine.scala:401)
	at scala.collection.immutable.List.foreach(List.scala:392)
	at org.scalatest.SuperEngine.traverseSubNodes$1(Engine.scala:401)
	at org.scalatest.SuperEngine.org$scalatest$SuperEngine$$runTestsInBranch(Engine.scala:396)
	at org.scalatest.SuperEngine.runTestsImpl(Engine.scala:475)
	at org.scalatest.wordspec.AnyWordSpecLike$class.runTests(AnyWordSpecLike.scala:1296)
	at com.conviva.id.assignment.BaseSpec.runTests(HouseholdSpecHelper.scala:128)
	at org.scalatest.Suite$class.run(Suite.scala:1112)
	at com.conviva.id.assignment.BaseSpec.org$scalatest$wordspec$AnyWordSpecLike$$super$run(HouseholdSpecHelper.scala:128)
	at org.scalatest.wordspec.AnyWordSpecLike$$anonfun$run$1.apply(AnyWordSpecLike.scala:1341)
	at org.scalatest.wordspec.AnyWordSpecLike$$anonfun$run$1.apply(AnyWordSpecLike.scala:1341)
	at org.scalatest.SuperEngine.runImpl(Engine.scala:535)
	at org.scalatest.wordspec.AnyWordSpecLike$class.run(AnyWordSpecLike.scala:1341)
	at com.conviva.id.assignment.BaseSpec.org$scalatest$BeforeAndAfterAll$$super$run(HouseholdSpecHelper.scala:128)
	at org.scalatest.BeforeAndAfterAll$class.liftedTree1$1(BeforeAndAfterAll.scala:213)
	at org.scalatest.BeforeAndAfterAll$class.run(BeforeAndAfterAll.scala:210)
	at com.conviva.id.assignment.BaseSpec.run(HouseholdSpecHelper.scala:128)
	at org.scalatest.tools.Framework.org$scalatest$tools$Framework$$runSuite(Framework.scala:318)
	at org.scalatest.tools.Framework$ScalaTestTask.execute(Framework.scala:486)
	at sbt.ForkMain$Run.lambda$runTest$1(ForkMain.java:413)
	at java.util.concurrent.FutureTask.run(FutureTask.java:266)
	at java.util.concurrent.ThreadPoolExecutor.runWorker(ThreadPoolExecutor.java:1149)
	at java.util.concurrent.ThreadPoolExecutor$Worker.run(ThreadPoolExecutor.java:624)
	at java.lang.Thread.run(Thread.java:748)
</failure>
                    </testcase><testcase classname="com.conviva.id.config.AssignmentAggregatorConfigSpec" name="HHAssignmentAggregatorConfig when calculating output location should calculate standard output location correctly if a custom job name is passed" time="0.005">
                      <failure message="org.scalatest.exceptions.TestFailedException: &quot;CID_HOME/assignment[s]/HouseholdByIpClient...&quot; did not equal &quot;CID_HOME/assignment[Summary]/HouseholdByIpClient...&quot;" type="sbt.ForkMain$ForkError">sbt.ForkMain$ForkError: org.scalatest.exceptions.TestFailedException: &quot;CID_HOME/assignment[s]/HouseholdByIpClient...&quot; did not equal &quot;CID_HOME/assignment[Summary]/HouseholdByIpClient...&quot;
	at org.scalatest.Assertions$class.newAssertionFailedException(Assertions.scala:472)
	at org.scalatest.Assertions$.newAssertionFailedException(Assertions.scala:1231)
	at org.scalatest.Assertions$AssertionsHelper.macroAssert(Assertions.scala:1295)
	at com.conviva.id.config.AssignmentAggregatorConfigSpec$$anonfun$1$$anonfun$apply$mcV$sp$7$$anonfun$apply$mcV$sp$19.apply(AssignmentAggregatorConfigSpec.scala:224)
	at com.conviva.id.config.AssignmentAggregatorConfigSpec$$anonfun$1$$anonfun$apply$mcV$sp$7$$anonfun$apply$mcV$sp$19.apply(AssignmentAggregatorConfigSpec.scala:213)
	at org.scalatest.OutcomeOf$class.outcomeOf(OutcomeOf.scala:85)
	at org.scalatest.OutcomeOf$.outcomeOf(OutcomeOf.scala:104)
	at org.scalatest.Transformer.apply(Transformer.scala:22)
	at org.scalatest.Transformer.apply(Transformer.scala:20)
	at org.scalatest.wordspec.AnyWordSpecLike$$anon$1.apply(AnyWordSpecLike.scala:1227)
	at org.scalatest.TestSuite$class.withFixture(TestSuite.scala:196)
	at com.conviva.id.assignment.BaseSpec.withFixture(HouseholdSpecHelper.scala:128)
	at org.scalatest.wordspec.AnyWordSpecLike$class.invokeWithFixture$1(AnyWordSpecLike.scala:1224)
	at org.scalatest.wordspec.AnyWordSpecLike$$anonfun$runTest$1.apply(AnyWordSpecLike.scala:1237)
	at org.scalatest.wordspec.AnyWordSpecLike$$anonfun$runTest$1.apply(AnyWordSpecLike.scala:1237)
	at org.scalatest.SuperEngine.runTestImpl(Engine.scala:306)
	at org.scalatest.wordspec.AnyWordSpecLike$class.runTest(AnyWordSpecLike.scala:1237)
	at com.conviva.id.assignment.BaseSpec.runTest(HouseholdSpecHelper.scala:128)
	at org.scalatest.wordspec.AnyWordSpecLike$$anonfun$runTests$1.apply(AnyWordSpecLike.scala:1296)
	at org.scalatest.wordspec.AnyWordSpecLike$$anonfun$runTests$1.apply(AnyWordSpecLike.scala:1296)
	at org.scalatest.SuperEngine$$anonfun$traverseSubNodes$1$1.apply(Engine.scala:413)
	at org.scalatest.SuperEngine$$anonfun$traverseSubNodes$1$1.apply(Engine.scala:401)
	at scala.collection.immutable.List.foreach(List.scala:392)
	at org.scalatest.SuperEngine.traverseSubNodes$1(Engine.scala:401)
	at org.scalatest.SuperEngine.org$scalatest$SuperEngine$$runTestsInBranch(Engine.scala:390)
	at org.scalatest.SuperEngine$$anonfun$traverseSubNodes$1$1.apply(Engine.scala:427)
	at org.scalatest.SuperEngine$$anonfun$traverseSubNodes$1$1.apply(Engine.scala:401)
	at scala.collection.immutable.List.foreach(List.scala:392)
	at org.scalatest.SuperEngine.traverseSubNodes$1(Engine.scala:401)
	at org.scalatest.SuperEngine.org$scalatest$SuperEngine$$runTestsInBranch(Engine.scala:390)
	at org.scalatest.SuperEngine$$anonfun$traverseSubNodes$1$1.apply(Engine.scala:427)
	at org.scalatest.SuperEngine$$anonfun$traverseSubNodes$1$1.apply(Engine.scala:401)
	at scala.collection.immutable.List.foreach(List.scala:392)
	at org.scalatest.SuperEngine.traverseSubNodes$1(Engine.scala:401)
	at org.scalatest.SuperEngine.org$scalatest$SuperEngine$$runTestsInBranch(Engine.scala:396)
	at org.scalatest.SuperEngine.runTestsImpl(Engine.scala:475)
	at org.scalatest.wordspec.AnyWordSpecLike$class.runTests(AnyWordSpecLike.scala:1296)
	at com.conviva.id.assignment.BaseSpec.runTests(HouseholdSpecHelper.scala:128)
	at org.scalatest.Suite$class.run(Suite.scala:1112)
	at com.conviva.id.assignment.BaseSpec.org$scalatest$wordspec$AnyWordSpecLike$$super$run(HouseholdSpecHelper.scala:128)
	at org.scalatest.wordspec.AnyWordSpecLike$$anonfun$run$1.apply(AnyWordSpecLike.scala:1341)
	at org.scalatest.wordspec.AnyWordSpecLike$$anonfun$run$1.apply(AnyWordSpecLike.scala:1341)
	at org.scalatest.SuperEngine.runImpl(Engine.scala:535)
	at org.scalatest.wordspec.AnyWordSpecLike$class.run(AnyWordSpecLike.scala:1341)
	at com.conviva.id.assignment.BaseSpec.org$scalatest$BeforeAndAfterAll$$super$run(HouseholdSpecHelper.scala:128)
	at org.scalatest.BeforeAndAfterAll$class.liftedTree1$1(BeforeAndAfterAll.scala:213)
	at org.scalatest.BeforeAndAfterAll$class.run(BeforeAndAfterAll.scala:210)
	at com.conviva.id.assignment.BaseSpec.run(HouseholdSpecHelper.scala:128)
	at org.scalatest.tools.Framework.org$scalatest$tools$Framework$$runSuite(Framework.scala:318)
	at org.scalatest.tools.Framework$ScalaTestTask.execute(Framework.scala:486)
	at sbt.ForkMain$Run.lambda$runTest$1(ForkMain.java:413)
	at java.util.concurrent.FutureTask.run(FutureTask.java:266)
	at java.util.concurrent.ThreadPoolExecutor.runWorker(ThreadPoolExecutor.java:1149)
	at java.util.concurrent.ThreadPoolExecutor$Worker.run(ThreadPoolExecutor.java:624)
	at java.lang.Thread.run(Thread.java:748)
</failure>
                    </testcase><testcase classname="com.conviva.id.config.AssignmentAggregatorConfigSpec" name="HHAssignmentAggregator Object when passed a config with multiple customerIds should create MultiCustomerHouseholdAggregator for each customer" time="11.514">
                      
                    </testcase>
          <system-out><![CDATA[]]></system-out>
          <system-err><![CDATA[]]></system-err>
        </testsuite>